<?xml version="1.0" encoding="UTF-8"?>
<!-- Generated by org.testng.reporters.JUnitReportReporter -->
<testsuite skipped="3" hostname="113279-T470p" name="com.hf.challenge.WebTest_new" tests="4" failures="0" timestamp="09 Jul 2018 15:27:47 GMT" time="0.097" errors="1">
  <testcase name="signInTest" time="0.000" classname="com.hf.challenge.WebTest_new">
    <skipped/>
  </testcase> <!-- signInTest -->
  <testcase name="init" time="0.097" classname="com.hf.challenge.WebTest_new">
    <error type="java.lang.NullPointerException">
      <![CDATA[java.lang.NullPointerException
at org.openqa.selenium.support.events.EventFiringWebDriver.extractInterfaces(EventFiringWebDriver.java:118)
at org.openqa.selenium.support.events.EventFiringWebDriver.<init>(EventFiringWebDriver.java:92)
at com.hf.utils.BrowserInitializer.setUpEventDriver(BrowserInitializer.java:50)
at com.hf.utils.BrowserInitializer.initDriver(BrowserInitializer.java:126)
at com.hf.challenge.WebTest_new.init(WebTest_new.java:22)
at sun.reflect.NativeMethodAccessorImpl.invoke0(Native Method)
at sun.reflect.NativeMethodAccessorImpl.invoke(Unknown Source)
at sun.reflect.DelegatingMethodAccessorImpl.invoke(Unknown Source)
at java.lang.reflect.Method.invoke(Unknown Source)
at org.testng.internal.MethodInvocationHelper.invokeMethod(MethodInvocationHelper.java:124)
at org.testng.internal.MethodInvocationHelper.invokeMethodConsideringTimeout(MethodInvocationHelper.java:59)
at org.testng.internal.Invoker.invokeConfigurationMethod(Invoker.java:458)
at org.testng.internal.Invoker.invokeConfigurations(Invoker.java:222)
at org.testng.internal.Invoker.invokeConfigurations(Invoker.java:142)
at org.testng.internal.TestMethodWorker.invokeBeforeClassMethods(TestMethodWorker.java:168)
at org.testng.internal.TestMethodWorker.run(TestMethodWorker.java:105)
at java.util.concurrent.ThreadPoolExecutor.runWorker(Unknown Source)
at java.util.concurrent.ThreadPoolExecutor$Worker.run(Unknown Source)
at java.lang.Thread.run(Unknown Source)
]]>
    </error>
  </testcase> <!-- init -->
  <testcase name="loginTest" time="0.000" classname="com.hf.challenge.WebTest_new">
    <skipped/>
  </testcase> <!-- loginTest -->
  <testcase name="checkout" time="0.000" classname="com.hf.challenge.WebTest_new">
    <skipped/>
  </testcase> <!-- checkout -->
</testsuite> <!-- com.hf.challenge.WebTest_new -->
